<?xml version="1.0" encoding="UTF-8"?>
<!-- Generated by org.testng.reporters.JUnitReportReporter -->
<testsuite hostname="PriyankaH-MSD" name="pack1.Ex1" tests="1" failures="0" timestamp="1 Aug 2019 11:54:54 GMT" time="6.218" errors="0">
  <testcase name="testmethod" time="6.218" classname="pack1.Ex1"/>
</testsuite> <!-- pack1.Ex1 -->
